<?xml version="1.0" encoding="UTF-8"?>
<!-- Generated by org.testng.reporters.JUnitReportReporter -->
<testsuite hostname="EPPLWROW019E" failures="0" tests="3" name="com.googletests.GoogleHomePageTests" time="12.534" errors="0" timestamp="2022-06-26T23:04:02 CEST" skipped="0">
  <testcase classname="com.googletests.GoogleHomePageTests" name="shouldBeAbleToChangeLanguageToSuggestedOne" time="4.023"/>
  <system-out/>
  <testcase classname="com.googletests.GoogleHomePageTests" name="shouldBeAbleToExpandGoogleApplications" time="4.057"/>
  <system-out/>
  <testcase classname="com.googletests.GoogleHomePageTests" name="shouldBeAbleToClickOnGmailLinkAndBeRedirectedToGmailPage" time="4.454"/>
  <system-out/>
</testsuite> <!-- com.googletests.GoogleHomePageTests -->
