<?xml version="1.0" encoding="UTF-8"?>
<!-- Generated by org.testng.reporters.JUnitReportReporter -->
<testsuite hostname="EPPLWROW019E" failures="0" tests="3" name="com.googletests.GoogleSearchTest" time="20.610" errors="0" timestamp="2022-06-26T23:04:02 CEST" skipped="0">
  <testcase classname="com.googletests.GoogleSearchTest" name="shouldBeAbleToGetVideoSectionOnResultsPage" time="8.988"/>
  <system-out/>
  <testcase classname="com.googletests.GoogleSearchTest" name="shouldBeAbleToGetLinksWhichContainSearchedPhrase" time="5.550"/>
  <system-out/>
  <testcase classname="com.googletests.GoogleSearchTest" name="shouldBeAbleToNavigateToOtherSearchResultsPages" time="6.072"/>
  <system-out/>
</testsuite> <!-- com.googletests.GoogleSearchTest -->
