<?xml version="1.0" encoding="UTF-8"?>
<!-- Generated by org.testng.reporters.JUnitReportReporter -->
<testsuite hostname="EPPLWROW019E" failures="0" tests="1" name="com.googletests.GoogleHomePageTests" time="9.187" errors="0" timestamp="2022-06-25T16:11:31 CEST" skipped="0">
  <testcase classname="com.googletests.GoogleHomePageTests" name="shouldBeAbleToClickOnGmailLinkAndBeRedirectedToGmailPage" time="9.187"/>
  <system-out/>
</testsuite> <!-- com.googletests.GoogleHomePageTests -->
